Determining if the pthread_create exist failed with the following output:
Change Dir: /home/ivan/SoftwareDevelopmentTechnologiesTasks/Task4/build/CMakeFiles/CMakeTmp

Run Build Command:"/usr/bin/make" "cmTC_2895a/fast"
/usr/bin/make -f CMakeFiles/cmTC_2895a.dir/build.make CMakeFiles/cmTC_2895a.dir/build
make[1]: вход в каталог «/home/ivan/SoftwareDevelopmentTechnologiesTasks/Task4/build/CMakeFiles/CMakeTmp»
Building C object CMakeFiles/cmTC_2895a.dir/CheckSymbolExists.c.o
/usr/bin/cc    -o CMakeFiles/cmTC_2895a.dir/CheckSymbolExists.c.o   -c /home/ivan/SoftwareDevelopmentTechnologiesTasks/Task4/build/CMakeFiles/CMakeTmp/CheckSymbolExists.c
Linking C executable cmTC_2895a
/usr/bin/cmake -E cmake_link_script CMakeFiles/cmTC_2895a.dir/link.txt --verbose=1
/usr/bin/cc      -rdynamic CMakeFiles/cmTC_2895a.dir/CheckSymbolExists.c.o  -o cmTC_2895a 
CMakeFiles/cmTC_2895a.dir/CheckSymbolExists.c.o: In function `main':
CheckSymbolExists.c:(.text+0x1b): undefined reference to `pthread_create'
collect2: error: ld returned 1 exit status
CMakeFiles/cmTC_2895a.dir/build.make:97: recipe for target 'cmTC_2895a' failed
make[1]: *** [cmTC_2895a] Error 1
make[1]: выход из каталога «/home/ivan/SoftwareDevelopmentTechnologiesTasks/Task4/build/CMakeFiles/CMakeTmp»
Makefile:126: recipe for target 'cmTC_2895a/fast' failed
make: *** [cmTC_2895a/fast] Error 2

File /home/ivan/SoftwareDevelopmentTechnologiesTasks/Task4/build/CMakeFiles/CMakeTmp/CheckSymbolExists.c:
/* */
#include <pthread.h>

int main(int argc, char** argv)
{
  (void)argv;
#ifndef pthread_create
  return ((int*)(&pthread_create))[argc];
#else
  (void)argc;
  return 0;
#endif
}

